<?xml version="1.0" encoding="UTF-8"?>
<testng-results skipped="0" failed="0" ignored="0" total="6" passed="6">
  <reporter-output>
  </reporter-output>
  <suite name="Mail Travel Application Test Automation Test Suit" duration-ms="111946" started-at="2022-05-09T23:05:19 BST" finished-at="2022-05-09T23:07:11 BST">
    <groups>
    </groups>
    <test name=" Mail Travel Application Test Cases" duration-ms="111946" started-at="2022-05-09T23:05:19 BST" finished-at="2022-05-09T23:07:11 BST">
      <class name="testcases.AccommodationTest">
        <test-method status="PASS" signature="setUp()[pri:0, instance:testcases.AccommodationTest@543788f3]" name="setUp" is-config="true" duration-ms="10276" started-at="2022-05-09T23:05:56 BST" finished-at="2022-05-09T23:06:07 BST">
          <reporter-output>
          </reporter-output>
        </test-method> <!-- setUp -->
        <test-method status="PASS" signature="verifyAccommodationDetailsTest()[pri:0, instance:testcases.AccommodationTest@543788f3]" name="verifyAccommodationDetailsTest" duration-ms="6906" started-at="2022-05-09T23:06:07 BST" finished-at="2022-05-09T23:06:14 BST">
          <reporter-output>
          </reporter-output>
        </test-method> <!-- verifyAccommodationDetailsTest -->
        <test-method status="PASS" signature="tearDown()[pri:0, instance:testcases.AccommodationTest@543788f3]" name="tearDown" is-config="true" duration-ms="4786" started-at="2022-05-09T23:06:14 BST" finished-at="2022-05-09T23:06:18 BST">
          <reporter-output>
          </reporter-output>
        </test-method> <!-- tearDown -->
      </class> <!-- testcases.AccommodationTest -->
      <class name="testcases.HomePageTest">
        <test-method status="PASS" signature="setUp()[pri:0, instance:testcases.HomePageTest@587c290d]" name="setUp" is-config="true" duration-ms="4193" started-at="2022-05-09T23:05:19 BST" finished-at="2022-05-09T23:05:23 BST">
          <reporter-output>
          </reporter-output>
        </test-method> <!-- setUp -->
        <test-method status="PASS" signature="verifyHomePageTest()[pri:0, instance:testcases.HomePageTest@587c290d]" name="verifyHomePageTest" duration-ms="4113" started-at="2022-05-09T23:05:23 BST" finished-at="2022-05-09T23:05:28 BST">
          <reporter-output>
          </reporter-output>
        </test-method> <!-- verifyHomePageTest -->
        <test-method status="PASS" signature="tearDown()[pri:0, instance:testcases.HomePageTest@587c290d]" name="tearDown" is-config="true" duration-ms="4759" started-at="2022-05-09T23:05:28 BST" finished-at="2022-05-09T23:05:32 BST">
          <reporter-output>
          </reporter-output>
        </test-method> <!-- tearDown -->
      </class> <!-- testcases.HomePageTest -->
      <class name="testcases.LeadContactDetailsTest">
        <test-method status="PASS" signature="setUp()[pri:0, instance:testcases.LeadContactDetailsTest@1da51a35]" name="setUp" is-config="true" duration-ms="19169" started-at="2022-05-09T23:06:42 BST" finished-at="2022-05-09T23:07:02 BST">
          <reporter-output>
          </reporter-output>
        </test-method> <!-- setUp -->
        <test-method status="PASS" signature="verifyLeadContactDetailsTest()[pri:0, instance:testcases.LeadContactDetailsTest@1da51a35]" name="verifyLeadContactDetailsTest" duration-ms="4792" started-at="2022-05-09T23:07:02 BST" finished-at="2022-05-09T23:07:06 BST">
          <reporter-output>
          </reporter-output>
        </test-method> <!-- verifyLeadContactDetailsTest -->
        <test-method status="PASS" signature="tearDown()[pri:0, instance:testcases.LeadContactDetailsTest@1da51a35]" name="tearDown" is-config="true" duration-ms="4805" started-at="2022-05-09T23:07:06 BST" finished-at="2022-05-09T23:07:11 BST">
          <reporter-output>
          </reporter-output>
        </test-method> <!-- tearDown -->
      </class> <!-- testcases.LeadContactDetailsTest -->
      <class name="testcases.HolidayTest">
        <test-method status="PASS" signature="setUp()[pri:0, instance:testcases.HolidayTest@4ae82894]" name="setUp" is-config="true" duration-ms="8109" started-at="2022-05-09T23:05:46 BST" finished-at="2022-05-09T23:05:54 BST">
          <reporter-output>
          </reporter-output>
        </test-method> <!-- setUp -->
        <test-method status="PASS" signature="verifyHolidayTest()[pri:0, instance:testcases.HolidayTest@4ae82894]" name="verifyHolidayTest" duration-ms="1473" started-at="2022-05-09T23:05:54 BST" finished-at="2022-05-09T23:05:56 BST">
          <reporter-output>
          </reporter-output>
        </test-method> <!-- verifyHolidayTest -->
        <test-method status="PASS" signature="tearDown()[pri:0, instance:testcases.HolidayTest@4ae82894]" name="tearDown" is-config="true" duration-ms="743" started-at="2022-05-09T23:05:56 BST" finished-at="2022-05-09T23:05:56 BST">
          <reporter-output>
          </reporter-output>
        </test-method> <!-- tearDown -->
      </class> <!-- testcases.HolidayTest -->
      <class name="testcases.ProductListTest">
        <test-method status="PASS" signature="setUp()[pri:0, instance:testcases.ProductListTest@4516af24]" name="setUp" is-config="true" duration-ms="7120" started-at="2022-05-09T23:05:32 BST" finished-at="2022-05-09T23:05:39 BST">
          <reporter-output>
          </reporter-output>
        </test-method> <!-- setUp -->
        <test-method status="PASS" signature="verifyProductListTest()[pri:0, instance:testcases.ProductListTest@4516af24]" name="verifyProductListTest" duration-ms="1840" started-at="2022-05-09T23:05:39 BST" finished-at="2022-05-09T23:05:41 BST">
          <reporter-output>
          </reporter-output>
        </test-method> <!-- verifyProductListTest -->
        <test-method status="PASS" signature="tearDown()[pri:0, instance:testcases.ProductListTest@4516af24]" name="tearDown" is-config="true" duration-ms="4773" started-at="2022-05-09T23:05:41 BST" finished-at="2022-05-09T23:05:46 BST">
          <reporter-output>
          </reporter-output>
        </test-method> <!-- tearDown -->
      </class> <!-- testcases.ProductListTest -->
      <class name="testcases.PassengerDetailsTest">
        <test-method status="PASS" signature="setUp()[pri:0, instance:testcases.PassengerDetailsTest@6d3af739]" name="setUp" is-config="true" duration-ms="16575" started-at="2022-05-09T23:06:18 BST" finished-at="2022-05-09T23:06:35 BST">
          <reporter-output>
          </reporter-output>
        </test-method> <!-- setUp -->
        <test-method status="PASS" signature="verifyPassengerDetailsTest()[pri:0, instance:testcases.PassengerDetailsTest@6d3af739]" name="verifyPassengerDetailsTest" duration-ms="2684" started-at="2022-05-09T23:06:35 BST" finished-at="2022-05-09T23:06:38 BST">
          <reporter-output>
          </reporter-output>
        </test-method> <!-- verifyPassengerDetailsTest -->
        <test-method status="PASS" signature="tearDown()[pri:0, instance:testcases.PassengerDetailsTest@6d3af739]" name="tearDown" is-config="true" duration-ms="4788" started-at="2022-05-09T23:06:38 BST" finished-at="2022-05-09T23:06:42 BST">
          <reporter-output>
          </reporter-output>
        </test-method> <!-- tearDown -->
      </class> <!-- testcases.PassengerDetailsTest -->
    </test> <!--  Mail Travel Application Test Cases -->
  </suite> <!-- Mail Travel Application Test Automation Test Suit -->
</testng-results>
