<?xml version="1.0" encoding="UTF-8"?>
<testng-results skipped="0" failed="0" ignored="0" total="1" passed="1">
  <reporter-output>
  </reporter-output>
  <suite name="Default suite" duration-ms="359027" started-at="2022-03-25T11:10:45 GMT" finished-at="2022-03-25T11:16:44 GMT">
    <groups>
    </groups>
    <test name="Default test" duration-ms="359027" started-at="2022-03-25T11:10:45 GMT" finished-at="2022-03-25T11:16:44 GMT">
      <class name="testcases.ResultTestCase">
        <test-method status="PASS" signature="setup()[pri:0, instance:testcases.ResultTestCase@12f41634]" name="setup" is-config="true" duration-ms="8736" started-at="2022-03-25T11:10:45 GMT" finished-at="2022-03-25T11:10:53 GMT">
          <reporter-output>
          </reporter-output>
        </test-method> <!-- setup -->
        <test-method status="PASS" signature="testResult()[pri:0, instance:testcases.ResultTestCase@12f41634]" name="testResult" duration-ms="349156" started-at="2022-03-25T11:10:53 GMT" finished-at="2022-03-25T11:16:42 GMT">
          <reporter-output>
          </reporter-output>
        </test-method> <!-- testResult -->
        <test-method status="PASS" signature="tearDown()[pri:0, instance:testcases.ResultTestCase@12f41634]" name="tearDown" is-config="true" duration-ms="1108" started-at="2022-03-25T11:16:42 GMT" finished-at="2022-03-25T11:16:44 GMT">
          <reporter-output>
          </reporter-output>
        </test-method> <!-- tearDown -->
      </class> <!-- testcases.ResultTestCase -->
    </test> <!-- Default test -->
  </suite> <!-- Default suite -->
</testng-results>
