<?xml version="1.0" encoding="UTF-8"?>
<!-- Generated by org.testng.reporters.JUnitXMLReporter -->
<testsuite hostname="LUK-MP1ZJ09L" ignored="0" name="Rest API Test Cases" tests="12" failures="0" timestamp="2022-05-08T23:36:30 BST" time="2.952" errors="0">
  <testcase name="checkResponseBody" time="0.012" classname="RestAPI.GetRequest"/>
  <testcase name="checkResponseTime" time="0.001" classname="RestAPI.GetRequest"/>
  <testcase name="checkStatusCode" time="0.0" classname="RestAPI.GetRequest"/>
  <testcase name="checkStatusLine" time="0.0" classname="RestAPI.GetRequest"/>
  <testcase name="checkcontentEncoding" time="0.0" classname="RestAPI.GetRequest"/>
  <testcase name="checkcontentLength" time="0.0" classname="RestAPI.GetRequest"/>
  <testcase name="checkcontentType" time="0.0" classname="RestAPI.GetRequest"/>
  <testcase name="checkserverType" time="0.001" classname="RestAPI.GetRequest"/>
  <testcase name="checkResonseBody" time="0.001" classname="RestAPI.PostRequest"/>
  <testcase name="checkStatusCode" time="0.0" classname="RestAPI.PostRequest"/>
  <testcase name="checkStatusLine" time="0.001" classname="RestAPI.PostRequest"/>
  <testcase name="checkcontentType" time="0.001" classname="RestAPI.PostRequest"/>
</testsuite> <!-- Rest API Test Cases -->
