<?xml version="1.0" encoding="UTF-8"?>
<!-- Generated by org.testng.reporters.JUnitXMLReporter -->
<testsuite hostname="LUK-MP1ZJ09L" ignored="0" name=" Mail Travel Application Test Cases" tests="6" failures="0" timestamp="2022-05-09T23:07:11 BST" time="111.946" errors="0">
  <testcase name="verifyHomePageTest" time="4.113" classname="testcases.HomePageTest"/>
  <testcase name="verifyProductListTest" time="1.84" classname="testcases.ProductListTest"/>
  <testcase name="verifyHolidayTest" time="1.473" classname="testcases.HolidayTest"/>
  <testcase name="verifyAccommodationDetailsTest" time="6.906" classname="testcases.AccommodationTest"/>
  <testcase name="verifyPassengerDetailsTest" time="2.684" classname="testcases.PassengerDetailsTest"/>
  <testcase name="verifyLeadContactDetailsTest" time="4.792" classname="testcases.LeadContactDetailsTest"/>
</testsuite> <!--  Mail Travel Application Test Cases -->
